[22:01:45] [ServerMain/INFO]: Environment: Environment[sessionHost=https://sessionserver.mojang.com, servicesHost=https://api.minecraftservices.com, name=PROD]
[22:01:46] [ServerMain/INFO]: No existing world data, creating new world
[22:01:46] [ServerMain/INFO]: Loaded 1290 recipes
[22:01:47] [ServerMain/INFO]: Loaded 1399 advancements
[22:01:47] [Server thread/INFO]: Starting minecraft server version 1.21
[22:01:47] [Server thread/INFO]: Loading properties
[22:01:47] [Server thread/INFO]: Default game type: SURVIVAL
[22:01:47] [Server thread/INFO]: Generating keypair
[22:01:47] [Server thread/INFO]: Starting Minecraft server on *:25565
[22:01:47] [Server thread/INFO]: Using epoll channel type
[22:01:47] [Server thread/WARN]: **** SERVER IS RUNNING IN OFFLINE/INSECURE MODE!
[22:01:47] [Server thread/WARN]: The server will make no attempt to authenticate usernames. Beware.
[22:01:47] [Server thread/WARN]: While this makes the game possible to play without internet access, it also opens up the ability for hackers to connect with any username they choose.
[22:01:47] [Server thread/WARN]: To change this, set "online-mode" to "true" in the server.properties file.
[22:01:47] [Server thread/INFO]: Preparing level "world"
[22:01:53] [Server thread/INFO]: Preparing start region for dimension minecraft:overworld
[22:01:53] [Worker-Main-1/INFO]: Preparing spawn area: 2%
[22:01:53] [Worker-Main-2/INFO]: Preparing spawn area: 2%
[22:01:54] [Worker-Main-1/INFO]: Preparing spawn area: 2%
[22:01:54] [Worker-Main-3/INFO]: Preparing spawn area: 2%
[22:01:55] [Worker-Main-2/INFO]: Preparing spawn area: 18%
[22:01:55] [Worker-Main-2/INFO]: Preparing spawn area: 18%
[22:01:56] [Worker-Main-3/INFO]: Preparing spawn area: 18%
[22:01:56] [Worker-Main-1/INFO]: Preparing spawn area: 38%
[22:01:57] [Worker-Main-2/INFO]: Preparing spawn area: 51%
[22:01:57] [Worker-Main-1/INFO]: Preparing spawn area: 51%
[22:01:58] [Worker-Main-1/INFO]: Preparing spawn area: 75%
[22:01:58] [Server thread/INFO]: Time elapsed: 5224 ms
[22:01:58] [Server thread/INFO]: Done (10.511s)! For help, type "help"
[22:01:58] [Server thread/INFO]: Unknown or incomplete command, see below for error
[22:01:58] [Server thread/INFO]: home/codespace/.python/current/bin/python /workspaces/Tecnico_TJ/msx.py<--[HERE]
[22:02:32] [Server thread/INFO]: ZZ_Ena_ZZ[/127.105.186.61:43689] logged in with entity id 32 at (-1.5, 87.0, 0.5)
[22:02:32] [Server thread/INFO]: ZZ_Ena_ZZ joined the game
[22:06:10] [Server thread/INFO]: ZZ_Ena_ZZ lost connection: Disconnected
[22:06:10] [Server thread/INFO]: ZZ_Ena_ZZ left the game
[22:06:24] [Server thread/INFO]: ZZ_Ena_ZZ[/127.220.225.175:42445] logged in with entity id 854 at (1.6085278338849283, 78.0, 0.48059801764338467)
[22:06:24] [Server thread/INFO]: ZZ_Ena_ZZ joined the game
[22:06:33] [Server thread/INFO]: DermiCraft[/127.220.225.175:32769] logged in with entity id 1021 at (3.5, 85.0, 9.5)
[22:06:33] [Server thread/INFO]: DermiCraft joined the game
[22:06:47] [Server thread/INFO]: ZZ_Ena_ZZ has made the advancement [Stone Age]
[22:07:13] [Server thread/INFO]: DermiCraft has made the advancement [Stone Age]
[22:07:19] [Server thread/INFO]: ZZ_Ena_ZZ has made the advancement [Getting an Upgrade]
[22:07:59] [Server thread/INFO]: DermiCraft has made the advancement [Getting an Upgrade]
[22:09:58] [Server thread/WARN]: Mismatch in destroy block pos: jd{x=18, y=64, z=168} jd{x=18, y=62, z=169}
[22:12:05] [Server thread/INFO]: ZZ_Ena_ZZ lost connection: Disconnected
[22:12:05] [Server thread/INFO]: ZZ_Ena_ZZ left the game
[22:14:19] [Server thread/INFO]: ZZ_Ena_ZZ[/127.220.225.175:56719] logged in with entity id 2655 at (-37.30000001192093, 64.0, 179.89679205017737)
[22:14:19] [Server thread/INFO]: ZZ_Ena_ZZ joined the game
[22:16:32] [Server thread/INFO]: DermiCraft has made the advancement [Monster Hunter]
[22:18:10] [Server thread/INFO]: DermiCraft has made the advancement [Best Friends Forever]
[22:20:58] [Server thread/INFO]: ZZ_Ena_ZZ has made the advancement [Monster Hunter]
